src/index.ts(1,8): error TS1295: ECMAScript imports and exports cannot be written in a CommonJS file under 'verbatimModuleSyntax'. Adjust the 'type' field in the nearest 'package.json' to make this file an ECMAScript module, or adjust your 'verbatimModuleSyntax', 'module', and 'moduleResolution' settings in TypeScript.
src/index.ts(2,8): error TS1295: ECMAScript imports and exports cannot be written in a CommonJS file under 'verbatimModuleSyntax'. Adjust the 'type' field in the nearest 'package.json' to make this file an ECMAScript module, or adjust your 'verbatimModuleSyntax', 'module', and 'moduleResolution' settings in TypeScript.
src/index.ts(3,8): error TS1295: ECMAScript imports and exports cannot be written in a CommonJS file under 'verbatimModuleSyntax'. Adjust the 'type' field in the nearest 'package.json' to make this file an ECMAScript module, or adjust your 'verbatimModuleSyntax', 'module', and 'moduleResolution' settings in TypeScript.
src/index.ts(4,8): error TS1295: ECMAScript imports and exports cannot be written in a CommonJS file under 'verbatimModuleSyntax'. Adjust the 'type' field in the nearest 'package.json' to make this file an ECMAScript module, or adjust your 'verbatimModuleSyntax', 'module', and 'moduleResolution' settings in TypeScript.
src/index.ts(5,8): error TS1295: ECMAScript imports and exports cannot be written in a CommonJS file under 'verbatimModuleSyntax'. Adjust the 'type' field in the nearest 'package.json' to make this file an ECMAScript module, or adjust your 'verbatimModuleSyntax', 'module', and 'moduleResolution' settings in TypeScript.
src/index.ts(6,8): error TS1295: ECMAScript imports and exports cannot be written in a CommonJS file under 'verbatimModuleSyntax'. Adjust the 'type' field in the nearest 'package.json' to make this file an ECMAScript module, or adjust your 'verbatimModuleSyntax', 'module', and 'moduleResolution' settings in TypeScript.
src/middleware/auth.ts(1,10): error TS1295: ECMAScript imports and exports cannot be written in a CommonJS file under 'verbatimModuleSyntax'. Adjust the 'type' field in the nearest 'package.json' to make this file an ECMAScript module, or adjust your 'verbatimModuleSyntax', 'module', and 'moduleResolution' settings in TypeScript.
src/middleware/auth.ts(1,10): error TS1484: 'Request' is a type and must be imported using a type-only import when 'verbatimModuleSyntax' is enabled.
src/middleware/auth.ts(1,19): error TS1295: ECMAScript imports and exports cannot be written in a CommonJS file under 'verbatimModuleSyntax'. Adjust the 'type' field in the nearest 'package.json' to make this file an ECMAScript module, or adjust your 'verbatimModuleSyntax', 'module', and 'moduleResolution' settings in TypeScript.
src/middleware/auth.ts(1,19): error TS1484: 'Response' is a type and must be imported using a type-only import when 'verbatimModuleSyntax' is enabled.
src/middleware/auth.ts(1,29): error TS1295: ECMAScript imports and exports cannot be written in a CommonJS file under 'verbatimModuleSyntax'. Adjust the 'type' field in the nearest 'package.json' to make this file an ECMAScript module, or adjust your 'verbatimModuleSyntax', 'module', and 'moduleResolution' settings in TypeScript.
src/middleware/auth.ts(1,29): error TS1484: 'NextFunction' is a type and must be imported using a type-only import when 'verbatimModuleSyntax' is enabled.
src/middleware/auth.ts(2,8): error TS1295: ECMAScript imports and exports cannot be written in a CommonJS file under 'verbatimModuleSyntax'. Adjust the 'type' field in the nearest 'package.json' to make this file an ECMAScript module, or adjust your 'verbatimModuleSyntax', 'module', and 'moduleResolution' settings in TypeScript.
src/middleware/auth.ts(8,1): error TS1287: A top-level 'export' modifier cannot be used on value declarations in a CommonJS module when 'verbatimModuleSyntax' is enabled.
src/models/Application.ts(1,8): error TS1295: ECMAScript imports and exports cannot be written in a CommonJS file under 'verbatimModuleSyntax'. Adjust the 'type' field in the nearest 'package.json' to make this file an ECMAScript module, or adjust your 'verbatimModuleSyntax', 'module', and 'moduleResolution' settings in TypeScript.
src/models/Application.ts(25,1): error TS1295: ECMAScript imports and exports cannot be written in a CommonJS file under 'verbatimModuleSyntax'. Adjust the 'type' field in the nearest 'package.json' to make this file an ECMAScript module, or adjust your 'verbatimModuleSyntax', 'module', and 'moduleResolution' settings in TypeScript.
src/models/User.ts(1,8): error TS1295: ECMAScript imports and exports cannot be written in a CommonJS file under 'verbatimModuleSyntax'. Adjust the 'type' field in the nearest 'package.json' to make this file an ECMAScript module, or adjust your 'verbatimModuleSyntax', 'module', and 'moduleResolution' settings in TypeScript.
src/models/User.ts(8,1): error TS1295: ECMAScript imports and exports cannot be written in a CommonJS file under 'verbatimModuleSyntax'. Adjust the 'type' field in the nearest 'package.json' to make this file an ECMAScript module, or adjust your 'verbatimModuleSyntax', 'module', and 'moduleResolution' settings in TypeScript.
src/routes/applications.ts(1,8): error TS1295: ECMAScript imports and exports cannot be written in a CommonJS file under 'verbatimModuleSyntax'. Adjust the 'type' field in the nearest 'package.json' to make this file an ECMAScript module, or adjust your 'verbatimModuleSyntax', 'module', and 'moduleResolution' settings in TypeScript.
src/routes/applications.ts(2,8): error TS1295: ECMAScript imports and exports cannot be written in a CommonJS file under 'verbatimModuleSyntax'. Adjust the 'type' field in the nearest 'package.json' to make this file an ECMAScript module, or adjust your 'verbatimModuleSyntax', 'module', and 'moduleResolution' settings in TypeScript.
src/routes/applications.ts(3,10): error TS1295: ECMAScript imports and exports cannot be written in a CommonJS file under 'verbatimModuleSyntax'. Adjust the 'type' field in the nearest 'package.json' to make this file an ECMAScript module, or adjust your 'verbatimModuleSyntax', 'module', and 'moduleResolution' settings in TypeScript.
src/routes/applications.ts(3,29): error TS1295: ECMAScript imports and exports cannot be written in a CommonJS file under 'verbatimModuleSyntax'. Adjust the 'type' field in the nearest 'package.json' to make this file an ECMAScript module, or adjust your 'verbatimModuleSyntax', 'module', and 'moduleResolution' settings in TypeScript.
src/routes/applications.ts(3,29): error TS1484: 'AuthRequest' is a type and must be imported using a type-only import when 'verbatimModuleSyntax' is enabled.
src/routes/applications.ts(4,10): error TS1295: ECMAScript imports and exports cannot be written in a CommonJS file under 'verbatimModuleSyntax'. Adjust the 'type' field in the nearest 'package.json' to make this file an ECMAScript module, or adjust your 'verbatimModuleSyntax', 'module', and 'moduleResolution' settings in TypeScript.
src/routes/applications.ts(12,44): error TS2769: No overload matches this call.
  Overload 1 of 4, '(filter?: _QueryFilter<{ createdAt: NativeDate; updatedAt: NativeDate; userId: ObjectId; company: string; role: string; jdLink: string; notes: string; dateApplied: NativeDate; ... 7 more ...; "parsedData.location": string | ... 1 more ... | undefined; }> | undefined, projection?: ProjectionType<...> | ... 1 more ... | undefined, options?: (QueryOptions<...> & Abortable) | undefined): Query<...>', gave the following error.
    Argument of type '{ userId: string | undefined; }' is not assignable to parameter of type '_QueryFilter<{ createdAt: NativeDate; updatedAt: NativeDate; userId: ObjectId; company: string; role: string; jdLink: string; notes: string; dateApplied: NativeDate; ... 7 more ...; "parsedData.location": string | ... 1 more ... | undefined; }>' with 'exactOptionalPropertyTypes: true'. Consider adding 'undefined' to the types of the target's properties.
      Type '{ userId: string | undefined; }' is not assignable to type '{ createdAt?: StrictCondition<ApplyBasicQueryCasting<NativeDate>>; updatedAt?: StrictCondition<ApplyBasicQueryCasting<NativeDate>>; ... 13 more ...; "parsedData.location"?: string | ... 4 more ... | null; }' with 'exactOptionalPropertyTypes: true'. Consider adding 'undefined' to the types of the target's properties.
        Types of property 'userId' are incompatible.
          Type 'string | undefined' is not assignable to type 'StrictCondition<ApplyBasicQueryCasting<ObjectId>>'.
            Type 'undefined' is not assignable to type 'StrictCondition<ApplyBasicQueryCasting<ObjectId>>'.
  Overload 2 of 4, '(filter?: Query<any, any, {}, unknown, "find", Record<string, never>> | undefined, projection?: ProjectionType<{ userId: ObjectId; company: string; role: string; dateApplied: NativeDate; ... 5 more ...; parsedData?: { ...; } | null; } & DefaultTimestampProps> | null | undefined, options?: (QueryOptions<...> & Abortable) | undefined): Query<...>', gave the following error.
    Object literal may only specify known properties, and 'userId' does not exist in type 'Query<any, any, {}, unknown, "find", Record<string, never>>'.
src/routes/applications.ts(54,9): error TS2769: No overload matches this call.
  The last overload gave the following error.
    Object literal may only specify known properties, and '_id' does not exist in type 'Query<any, any, {}, unknown, "find", Record<string, never>>'.
src/routes/applications.ts(66,23): error TS2769: No overload matches this call.
  Overload 1 of 6, '(filter?: _QueryFilter<{ createdAt: NativeDate; updatedAt: NativeDate; userId: ObjectId; company: string; role: string; jdLink: string; notes: string; dateApplied: NativeDate; ... 7 more ...; "parsedData.location": string | ... 1 more ... | undefined; }> | null | undefined, options?: QueryOptions<...> | ... 1 more ... | undefined): Query<...>', gave the following error.
    Argument of type '{ _id: string | string[] | undefined; userId: string | undefined; }' is not assignable to parameter of type '_QueryFilter<{ createdAt: NativeDate; updatedAt: NativeDate; userId: ObjectId; company: string; role: string; jdLink: string; notes: string; dateApplied: NativeDate; ... 7 more ...; "parsedData.location": string | ... 1 more ... | undefined; }>' with 'exactOptionalPropertyTypes: true'. Consider adding 'undefined' to the types of the target's properties.
      Type '{ _id: string | string[] | undefined; userId: string | undefined; }' is not assignable to type '{ createdAt?: StrictCondition<ApplyBasicQueryCasting<NativeDate>>; updatedAt?: StrictCondition<ApplyBasicQueryCasting<NativeDate>>; ... 13 more ...; "parsedData.location"?: string | ... 4 more ... | null; }' with 'exactOptionalPropertyTypes: true'. Consider adding 'undefined' to the types of the target's properties.
        Types of property 'userId' are incompatible.
          Type 'string | undefined' is not assignable to type 'StrictCondition<ApplyBasicQueryCasting<ObjectId>>'.
            Type 'undefined' is not assignable to type 'StrictCondition<ApplyBasicQueryCasting<ObjectId>>'.
  Overload 2 of 6, '(filter?: Query<any, any, {}, unknown, "find", Record<string, never>> | null | undefined, options?: QueryOptions<{ userId: ObjectId; company: string; role: string; dateApplied: NativeDate; ... 5 more ...; parsedData?: { ...; } | null; } & DefaultTimestampProps> | null | undefined): Query<...>', gave the following error.
    Object literal may only specify known properties, and '_id' does not exist in type 'Query<any, any, {}, unknown, "find", Record<string, never>>'.
src/routes/applications.ts(73,1): error TS1295: ECMAScript imports and exports cannot be written in a CommonJS file under 'verbatimModuleSyntax'. Adjust the 'type' field in the nearest 'package.json' to make this file an ECMAScript module, or adjust your 'verbatimModuleSyntax', 'module', and 'moduleResolution' settings in TypeScript.
src/routes/auth.ts(1,8): error TS1295: ECMAScript imports and exports cannot be written in a CommonJS file under 'verbatimModuleSyntax'. Adjust the 'type' field in the nearest 'package.json' to make this file an ECMAScript module, or adjust your 'verbatimModuleSyntax', 'module', and 'moduleResolution' settings in TypeScript.
src/routes/auth.ts(2,8): error TS1295: ECMAScript imports and exports cannot be written in a CommonJS file under 'verbatimModuleSyntax'. Adjust the 'type' field in the nearest 'package.json' to make this file an ECMAScript module, or adjust your 'verbatimModuleSyntax', 'module', and 'moduleResolution' settings in TypeScript.
src/routes/auth.ts(3,8): error TS1295: ECMAScript imports and exports cannot be written in a CommonJS file under 'verbatimModuleSyntax'. Adjust the 'type' field in the nearest 'package.json' to make this file an ECMAScript module, or adjust your 'verbatimModuleSyntax', 'module', and 'moduleResolution' settings in TypeScript.
src/routes/auth.ts(4,8): error TS1295: ECMAScript imports and exports cannot be written in a CommonJS file under 'verbatimModuleSyntax'. Adjust the 'type' field in the nearest 'package.json' to make this file an ECMAScript module, or adjust your 'verbatimModuleSyntax', 'module', and 'moduleResolution' settings in TypeScript.
src/routes/auth.ts(34,1): error TS1295: ECMAScript imports and exports cannot be written in a CommonJS file under 'verbatimModuleSyntax'. Adjust the 'type' field in the nearest 'package.json' to make this file an ECMAScript module, or adjust your 'verbatimModuleSyntax', 'module', and 'moduleResolution' settings in TypeScript.
src/services/ai.ts(1,8): error TS1295: ECMAScript imports and exports cannot be written in a CommonJS file under 'verbatimModuleSyntax'. Adjust the 'type' field in the nearest 'package.json' to make this file an ECMAScript module, or adjust your 'verbatimModuleSyntax', 'module', and 'moduleResolution' settings in TypeScript.
src/services/ai.ts(2,8): error TS1295: ECMAScript imports and exports cannot be written in a CommonJS file under 'verbatimModuleSyntax'. Adjust the 'type' field in the nearest 'package.json' to make this file an ECMAScript module, or adjust your 'verbatimModuleSyntax', 'module', and 'moduleResolution' settings in TypeScript.
src/services/ai.ts(10,1): error TS1287: A top-level 'export' modifier cannot be used on value declarations in a CommonJS module when 'verbatimModuleSyntax' is enabled.
src/services/ai.ts(36,21): error TS2532: Object is possibly 'undefined'.
